<?xml version="1.0" encoding="UTF-8"?>
<!-- Generated by org.testng.reporters.JUnitReportReporter -->
<testsuite hostname="QZ-LT-R-CTK-309" failures="2" tests="2" name="com.api.runners.TestRunner" time="2.151" errors="0" timestamp="2025-10-16T12:41:10 IST" skipped="0">
  <testcase classname="com.api.runners.TestRunner" name="runScenario" time="1.713">
    <failure message="expected [204] but found [403]" type="java.lang.AssertionError">
      <![CDATA[java.lang.AssertionError: expected [204] but found [403]
at org.testng.Assert.fail(Assert.java:111)
at org.testng.Assert.failNotEquals(Assert.java:1578)
at org.testng.Assert.assertEqualsImpl(Assert.java:150)
at org.testng.Assert.assertEquals(Assert.java:132)
at org.testng.Assert.assertEquals(Assert.java:644)
at com.api.stepdefinitions.UserSteps.i_should_get_valid_response_with_status_code(UserSteps.java:52)
at ✽.I should get valid response with status code "204"(file:///C:/Users/Chaitanya/Downloads/RestAssuredBDDFramework_JSON_Generic_Updated%20(1)/RestAssuredBDDFramework_WithJSON/src/test/resources/features/delete_user.feature:6)
]]>
    </failure>
  </testcase> <!-- runScenario -->
  <testcase classname="com.api.runners.TestRunner" name="runScenario" time="0.438">
    <failure message="expected [204] but found [403]" type="java.lang.AssertionError">
      <![CDATA[java.lang.AssertionError: expected [204] but found [403]
at org.testng.Assert.fail(Assert.java:111)
at org.testng.Assert.failNotEquals(Assert.java:1578)
at org.testng.Assert.assertEqualsImpl(Assert.java:150)
at org.testng.Assert.assertEquals(Assert.java:132)
at org.testng.Assert.assertEquals(Assert.java:644)
at com.api.stepdefinitions.UserSteps.i_should_get_valid_response_with_status_code(UserSteps.java:52)
at ✽.I should get valid response with status code "204"(file:///C:/Users/Chaitanya/Downloads/RestAssuredBDDFramework_JSON_Generic_Updated%20(1)/RestAssuredBDDFramework_WithJSON/src/test/resources/features/delete_user.feature:6)
]]>
    </failure>
  </testcase> <!-- runScenario -->
</testsuite> <!-- com.api.runners.TestRunner -->
